<?xml version="1.0" encoding="UTF-8"?>
<!-- Generated by org.testng.reporters.JUnitXMLReporter -->
<testsuite ignored="0" hostname="Georgas-MacBook-Pro.local" failures="0" tests="3" name="Default test" time="89.505" errors="0" timestamp="2025-02-21T12:05:39 GMT">
  <testcase classname="tests.DemoTests" name="AppLaunch_DefaultDisplay_7465" time="2.399"/>
  <testcase classname="tests.DemoTests" name="AppLaunch_StartUpHelp_7469" time="13.886"/>
  <testcase classname="tests.DemoTests" name="Login_ValidInputs_7522" time="17.857"/>
</testsuite> <!-- Default test -->
