<?xml version="1.0" encoding="UTF-8"?>
<testng-results ignored="0" total="2" passed="2" failed="0" skipped="0">
  <reporter-output>
  </reporter-output>
  <suite started-at="2025-02-20T08:59:38 GMT" name="Default suite" finished-at="2025-02-20T09:00:28 GMT" duration-ms="50319">
    <groups>
    </groups>
    <test started-at="2025-02-20T08:59:38 GMT" name="Default test" finished-at="2025-02-20T09:00:28 GMT" duration-ms="50319">
      <class name="tests.DemoTests">
        <test-method is-config="true" signature="beforeMethod()[pri:0, instance:tests.DemoTests@4c12331b]" started-at="2025-02-20T08:59:38 GMT" name="beforeMethod" finished-at="2025-02-20T08:59:55 GMT" duration-ms="16833" status="PASS">
          <reporter-output>
          </reporter-output>
        </test-method> <!-- beforeMethod -->
        <test-method signature="AppLaunch_DefaultDisplay_7465()[pri:0, instance:tests.DemoTests@4c12331b]" started-at="2025-02-20T08:59:55 GMT" name="AppLaunch_DefaultDisplay_7465" finished-at="2025-02-20T08:59:57 GMT" duration-ms="2437" status="PASS">
          <reporter-output>
          </reporter-output>
        </test-method> <!-- AppLaunch_DefaultDisplay_7465 -->
        <test-method is-config="true" signature="afterMethod()[pri:0, instance:tests.DemoTests@4c12331b]" started-at="2025-02-20T08:59:57 GMT" name="afterMethod" finished-at="2025-02-20T08:59:58 GMT" duration-ms="1120" status="PASS">
          <reporter-output>
          </reporter-output>
        </test-method> <!-- afterMethod -->
        <test-method is-config="true" signature="beforeMethod()[pri:0, instance:tests.DemoTests@4c12331b]" started-at="2025-02-20T08:59:58 GMT" name="beforeMethod" finished-at="2025-02-20T09:00:13 GMT" duration-ms="14892" status="PASS">
          <reporter-output>
          </reporter-output>
        </test-method> <!-- beforeMethod -->
        <test-method signature="AppLaunch_StartUpHelp_7469()[pri:0, instance:tests.DemoTests@4c12331b]" started-at="2025-02-20T09:00:13 GMT" name="AppLaunch_StartUpHelp_7469" finished-at="2025-02-20T09:00:27 GMT" duration-ms="13960" status="PASS">
          <reporter-output>
          </reporter-output>
        </test-method> <!-- AppLaunch_StartUpHelp_7469 -->
        <test-method is-config="true" signature="afterMethod()[pri:0, instance:tests.DemoTests@4c12331b]" started-at="2025-02-20T09:00:27 GMT" name="afterMethod" finished-at="2025-02-20T09:00:28 GMT" duration-ms="1031" status="PASS">
          <reporter-output>
          </reporter-output>
        </test-method> <!-- afterMethod -->
      </class> <!-- tests.DemoTests -->
    </test> <!-- Default test -->
  </suite> <!-- Default suite -->
</testng-results>
